-------------------------------------------------------------------------------
Test set: TestSuite
-------------------------------------------------------------------------------
Tests run: 5, Failures: 5, Errors: 0, Skipped: 0, Time elapsed: 12.429 s <<< FAILURE! - in TestSuite
com.api.myRunner.TestRunner.feature["As a user,I can retrive Nace Details by using order details", "As a user, I can verify the proper respose from API"](1)  Time elapsed: 3.95 s  <<< FAILURE!
java.lang.AssertionError: 398481Is not matching with io.restassured.path.xml.XmlPath@47c26664 expected [398481] but found [io.restassured.path.xml.XmlPath@7f74fefa]
	at org.testng.Assert.fail(Assert.java:96)
	at org.testng.Assert.failNotEquals(Assert.java:776)
	at org.testng.Assert.assertEqualsImpl(Assert.java:137)
	at org.testng.Assert.assertEquals(Assert.java:118)
	at stepDefinitions.GetNaceDetailsDefinition.verify_nace_details_are_as_per(GetNaceDetailsDefinition.java:59)
	at ✽.verify NaceDetails are as per "398481"(file:///C:/Users/prash/LUXOFTTESTNG/CucumberTechTask/src/main/java/Features/getNaceDetails.feature:8)

com.api.myRunner.TestRunner.feature["As a user,I can retrive Nace Details by using order details", "As a user, I can verify the proper respose from API"](2)  Time elapsed: 1.523 s  <<< FAILURE!
java.lang.AssertionError: 398482Is not matching with io.restassured.path.xml.XmlPath@440e3972 expected [398482] but found [io.restassured.path.xml.XmlPath@ef77972]
	at org.testng.Assert.fail(Assert.java:96)
	at org.testng.Assert.failNotEquals(Assert.java:776)
	at org.testng.Assert.assertEqualsImpl(Assert.java:137)
	at org.testng.Assert.assertEquals(Assert.java:118)
	at stepDefinitions.GetNaceDetailsDefinition.verify_nace_details_are_as_per(GetNaceDetailsDefinition.java:59)
	at ✽.verify NaceDetails are as per "398482"(file:///C:/Users/prash/LUXOFTTESTNG/CucumberTechTask/src/main/java/Features/getNaceDetails.feature:8)

com.api.myRunner.TestRunner.feature["As a user,I can retrive Nace Details by using order details", "As a user, I can verify the proper respose from API"](3)  Time elapsed: 1.436 s  <<< FAILURE!
java.lang.AssertionError: 398483Is not matching with io.restassured.path.xml.XmlPath@489fa87e expected [398483] but found [io.restassured.path.xml.XmlPath@19048fda]
	at org.testng.Assert.fail(Assert.java:96)
	at org.testng.Assert.failNotEquals(Assert.java:776)
	at org.testng.Assert.assertEqualsImpl(Assert.java:137)
	at org.testng.Assert.assertEquals(Assert.java:118)
	at stepDefinitions.GetNaceDetailsDefinition.verify_nace_details_are_as_per(GetNaceDetailsDefinition.java:59)
	at ✽.verify NaceDetails are as per "398483"(file:///C:/Users/prash/LUXOFTTESTNG/CucumberTechTask/src/main/java/Features/getNaceDetails.feature:8)

com.api.myRunner.TestRunner.feature["As a user,I can retrive Nace Details by using order details", "As a user, I can verify the proper respose from API"](4)  Time elapsed: 1.522 s  <<< FAILURE!
java.lang.AssertionError: 398484Is not matching with io.restassured.path.xml.XmlPath@72f628d6 expected [398484] but found [io.restassured.path.xml.XmlPath@1e8d4d07]
	at org.testng.Assert.fail(Assert.java:96)
	at org.testng.Assert.failNotEquals(Assert.java:776)
	at org.testng.Assert.assertEqualsImpl(Assert.java:137)
	at org.testng.Assert.assertEquals(Assert.java:118)
	at stepDefinitions.GetNaceDetailsDefinition.verify_nace_details_are_as_per(GetNaceDetailsDefinition.java:59)
	at ✽.verify NaceDetails are as per "398484"(file:///C:/Users/prash/LUXOFTTESTNG/CucumberTechTask/src/main/java/Features/getNaceDetails.feature:8)

com.api.myRunner.TestRunner.feature["As a user,I can retrive Nace Details by using order details", "As a user, I can verify the proper respose from API"](5)  Time elapsed: 1.403 s  <<< FAILURE!
java.lang.AssertionError: 398485Is not matching with io.restassured.path.xml.XmlPath@697913e6 expected [398485] but found [io.restassured.path.xml.XmlPath@58a60d56]
	at org.testng.Assert.fail(Assert.java:96)
	at org.testng.Assert.failNotEquals(Assert.java:776)
	at org.testng.Assert.assertEqualsImpl(Assert.java:137)
	at org.testng.Assert.assertEquals(Assert.java:118)
	at stepDefinitions.GetNaceDetailsDefinition.verify_nace_details_are_as_per(GetNaceDetailsDefinition.java:59)
	at ✽.verify NaceDetails are as per "398485"(file:///C:/Users/prash/LUXOFTTESTNG/CucumberTechTask/src/main/java/Features/getNaceDetails.feature:8)

