<html>
<head>
<title>TestNG:  CucumberTeckTask</title>
<link href="../testng.css" rel="stylesheet" type="text/css" />
<link href="../my-testng.css" rel="stylesheet" type="text/css" />

<style type="text/css">
.log { display: none;} 
.stack-trace { display: none;} 
</style>
<script type="text/javascript">
<!--
function flip(e) {
  current = e.style.display;
  if (current == 'block') {
    e.style.display = 'none';
    return 0;
  }
  else {
    e.style.display = 'block';
    return 1;
  }
}

function toggleBox(szDivId, elem, msg1, msg2)
{
  var res = -1;  if (document.getElementById) {
    res = flip(document.getElementById(szDivId));
  }
  else if (document.all) {
    // this is the way old msie versions work
    res = flip(document.all[szDivId]);
  }
  if(elem) {
    if(res == 0) elem.innerHTML = msg1; else elem.innerHTML = msg2;
  }

}

function toggleAllBoxes() {
  if (document.getElementsByTagName) {
    d = document.getElementsByTagName('div');
    for (i = 0; i < d.length; i++) {
      if (d[i].className == 'log') {
        flip(d[i]);
      }
    }
  }
}

// -->
</script>

</head>
<body>
<h2 align='center'>CucumberTeckTask</h2><table border='1' align="center">
<tr>
<td>Tests passed/Failed/Skipped:</td><td>1/4/0</td>
</tr><tr>
<td>Started on:</td><td>Thu May 12 17:17:14 IST 2022</td>
</tr>
<tr><td>Total time:</td><td>16 seconds (16561 ms)</td>
</tr><tr>
<td>Included groups:</td><td></td>
</tr><tr>
<td>Excluded groups:</td><td></td>
</tr>
</table><p/>
<small><i>(Hover the method name to see the test class name)</i></small><p/>
<table width='100%' border='1' class='invocation-failed'>
<tr><td colspan='4' align='center'><b>FAILED TESTS</b></td></tr>
<tr><td><b>Test method</b></td>
<td width="30%"><b>Exception</b></td>
<td width="10%"><b>Time (seconds)</b></td>
<td><b>Instance</b></td>
</tr>
<tr>
<td title='com.api.myRunner.TestRunner.feature()'><b>feature</b><br>Test class: com.api.myRunner.TestRunner<br>Test method: Runs Cucumber Feature<br>Parameters: "As a user,I can retrive Nace Details by using order details", "As a user, I can verify the proper respose from API"</td>
<td><div><pre>java.lang.AssertionError: 398482Is not matching with 398481 expected [398482] but found [398481]
	at stepDefinitions.GetNaceDetailsDefinition.verify_nace_details_are_as_per(GetNaceDetailsDefinition.java:60)
	at ?.verify NaceDetails are as per &quot;398482&quot;(file:///C:/Users/prash/LUXOFTTESTNG/CucumberTechTask/src/main/java/Features/getNaceDetails.feature:8)
... Removed 5 stack frames</pre></div><a href='#' onClick='toggleBox("stack-trace240579361", this, "Click to show all stack frames", "Click to hide stack frames")'>Click to show all stack frames</a>
<div class='stack-trace' id='stack-trace240579361'><pre>java.lang.AssertionError: 398482Is not matching with 398481 expected [398482] but found [398481]
	at org.testng.Assert.fail(Assert.java:96)
	at org.testng.Assert.failNotEquals(Assert.java:776)
	at org.testng.Assert.assertEqualsImpl(Assert.java:137)
	at org.testng.Assert.assertEquals(Assert.java:118)
	at org.testng.Assert.assertEquals(Assert.java:453)
	at stepDefinitions.GetNaceDetailsDefinition.verify_nace_details_are_as_per(GetNaceDetailsDefinition.java:60)
	at ?.verify NaceDetails are as per &quot;398482&quot;(file:///C:/Users/prash/LUXOFTTESTNG/CucumberTechTask/src/main/java/Features/getNaceDetails.feature:8)
</pre></div></td>
<td>2</td>
<td>com.api.myRunner.TestRunner@673fdbce</td></tr>
<tr>
<td title='com.api.myRunner.TestRunner.feature()'><b>feature</b><br>Test class: com.api.myRunner.TestRunner<br>Test method: Runs Cucumber Feature<br>Parameters: "As a user,I can retrive Nace Details by using order details", "As a user, I can verify the proper respose from API"</td>
<td><div><pre>java.lang.AssertionError: 398483Is not matching with 398481 expected [398483] but found [398481]
	at stepDefinitions.GetNaceDetailsDefinition.verify_nace_details_are_as_per(GetNaceDetailsDefinition.java:60)
	at ?.verify NaceDetails are as per &quot;398483&quot;(file:///C:/Users/prash/LUXOFTTESTNG/CucumberTechTask/src/main/java/Features/getNaceDetails.feature:8)
... Removed 5 stack frames</pre></div><a href='#' onClick='toggleBox("stack-trace398906748", this, "Click to show all stack frames", "Click to hide stack frames")'>Click to show all stack frames</a>
<div class='stack-trace' id='stack-trace398906748'><pre>java.lang.AssertionError: 398483Is not matching with 398481 expected [398483] but found [398481]
	at org.testng.Assert.fail(Assert.java:96)
	at org.testng.Assert.failNotEquals(Assert.java:776)
	at org.testng.Assert.assertEqualsImpl(Assert.java:137)
	at org.testng.Assert.assertEquals(Assert.java:118)
	at org.testng.Assert.assertEquals(Assert.java:453)
	at stepDefinitions.GetNaceDetailsDefinition.verify_nace_details_are_as_per(GetNaceDetailsDefinition.java:60)
	at ?.verify NaceDetails are as per &quot;398483&quot;(file:///C:/Users/prash/LUXOFTTESTNG/CucumberTechTask/src/main/java/Features/getNaceDetails.feature:8)
</pre></div></td>
<td>7</td>
<td>com.api.myRunner.TestRunner@673fdbce</td></tr>
<tr>
<td title='com.api.myRunner.TestRunner.feature()'><b>feature</b><br>Test class: com.api.myRunner.TestRunner<br>Test method: Runs Cucumber Feature<br>Parameters: "As a user,I can retrive Nace Details by using order details", "As a user, I can verify the proper respose from API"</td>
<td><div><pre>java.lang.AssertionError: 398484Is not matching with 398481 expected [398484] but found [398481]
	at stepDefinitions.GetNaceDetailsDefinition.verify_nace_details_are_as_per(GetNaceDetailsDefinition.java:60)
	at ?.verify NaceDetails are as per &quot;398484&quot;(file:///C:/Users/prash/LUXOFTTESTNG/CucumberTechTask/src/main/java/Features/getNaceDetails.feature:8)
... Removed 5 stack frames</pre></div><a href='#' onClick='toggleBox("stack-trace1292408039", this, "Click to show all stack frames", "Click to hide stack frames")'>Click to show all stack frames</a>
<div class='stack-trace' id='stack-trace1292408039'><pre>java.lang.AssertionError: 398484Is not matching with 398481 expected [398484] but found [398481]
	at org.testng.Assert.fail(Assert.java:96)
	at org.testng.Assert.failNotEquals(Assert.java:776)
	at org.testng.Assert.assertEqualsImpl(Assert.java:137)
	at org.testng.Assert.assertEquals(Assert.java:118)
	at org.testng.Assert.assertEquals(Assert.java:453)
	at stepDefinitions.GetNaceDetailsDefinition.verify_nace_details_are_as_per(GetNaceDetailsDefinition.java:60)
	at ?.verify NaceDetails are as per &quot;398484&quot;(file:///C:/Users/prash/LUXOFTTESTNG/CucumberTechTask/src/main/java/Features/getNaceDetails.feature:8)
</pre></div></td>
<td>1</td>
<td>com.api.myRunner.TestRunner@673fdbce</td></tr>
<tr>
<td title='com.api.myRunner.TestRunner.feature()'><b>feature</b><br>Test class: com.api.myRunner.TestRunner<br>Test method: Runs Cucumber Feature<br>Parameters: "As a user,I can retrive Nace Details by using order details", "As a user, I can verify the proper respose from API"</td>
<td><div><pre>java.lang.AssertionError: 398485Is not matching with 398481 expected [398485] but found [398481]
	at stepDefinitions.GetNaceDetailsDefinition.verify_nace_details_are_as_per(GetNaceDetailsDefinition.java:60)
	at ?.verify NaceDetails are as per &quot;398485&quot;(file:///C:/Users/prash/LUXOFTTESTNG/CucumberTechTask/src/main/java/Features/getNaceDetails.feature:8)
... Removed 5 stack frames</pre></div><a href='#' onClick='toggleBox("stack-trace1526285011", this, "Click to show all stack frames", "Click to hide stack frames")'>Click to show all stack frames</a>
<div class='stack-trace' id='stack-trace1526285011'><pre>java.lang.AssertionError: 398485Is not matching with 398481 expected [398485] but found [398481]
	at org.testng.Assert.fail(Assert.java:96)
	at org.testng.Assert.failNotEquals(Assert.java:776)
	at org.testng.Assert.assertEqualsImpl(Assert.java:137)
	at org.testng.Assert.assertEquals(Assert.java:118)
	at org.testng.Assert.assertEquals(Assert.java:453)
	at stepDefinitions.GetNaceDetailsDefinition.verify_nace_details_are_as_per(GetNaceDetailsDefinition.java:60)
	at ?.verify NaceDetails are as per &quot;398485&quot;(file:///C:/Users/prash/LUXOFTTESTNG/CucumberTechTask/src/main/java/Features/getNaceDetails.feature:8)
</pre></div></td>
<td>1</td>
<td>com.api.myRunner.TestRunner@673fdbce</td></tr>
</table><p>
<table width='100%' border='1' class='invocation-passed'>
<tr><td colspan='4' align='center'><b>PASSED TESTS</b></td></tr>
<tr><td><b>Test method</b></td>
<td width="30%"><b>Exception</b></td>
<td width="10%"><b>Time (seconds)</b></td>
<td><b>Instance</b></td>
</tr>
<tr>
<td title='com.api.myRunner.TestRunner.feature()'><b>feature</b><br>Test class: com.api.myRunner.TestRunner<br>Test method: Runs Cucumber Feature<br>Parameters: "As a user,I can retrive Nace Details by using order details", "As a user, I can verify the proper respose from API"</td>
<td></td>
<td>4</td>
<td>com.api.myRunner.TestRunner@673fdbce</td></tr>
</table><p>
</body>
</html>