<!DOCTYPE html PUBLIC "-//W3C//DTD XHTML 1.1//EN" "http://www.w3.org/TR/xhtml11/DTD/xhtml11.dtd">
<html xmlns="http://www.w3.org/1999/xhtml">
<head>
<meta http-equiv="content-type" content="text/html; charset=UTF-8"/>
<title>TestNG Report</title>
<style type="text/css">table {margin-bottom:10px;border-collapse:collapse;empty-cells:show}th,td {border:1px solid #009;padding:.25em .5em}th {vertical-align:bottom}td {vertical-align:top}table a {font-weight:bold}.stripe td {background-color: #E6EBF9}.num {text-align:right}.passedodd td {background-color: #3F3}.passedeven td {background-color: #0A0}.skippedodd td {background-color: #DDD}.skippedeven td {background-color: #CCC}.failedodd td,.attn {background-color: #F33}.failedeven td,.stripe .attn {background-color: #D00}.stacktrace {white-space:pre;font-family:monospace}.totop {font-size:85%;text-align:center;border-bottom:2px solid #000}.invisible {display:none}</style>
</head>
<body>
<table>
<tr><th>Test</th><th># Passed</th><th># Skipped</th><th># Failed</th><th>Time (ms)</th><th>Included Groups</th><th>Excluded Groups</th></tr>
<tr><th colspan="7">BDD Test Suite</th></tr>
<tr><td><a href="#t0">CucumberTeckTask</a></td><td class="num">1</td><td class="num">0</td><td class="num attn">4</td><td class="num">16,561</td><td></td><td></td></tr>
</table>
<table id='summary'><thead><tr><th>Class</th><th>Method</th><th>Start</th><th>Time (ms)</th></tr></thead><tbody><tr><th colspan="4">BDD Test Suite</th></tr></tbody><tbody id="t0"><tr><th colspan="4">CucumberTeckTask &#8212; failed</th></tr><tr class="failedeven"><td rowspan="4">com.api.myRunner.TestRunner</td><td><a href="#m0">feature</a></td><td rowspan="4">1652356038607</td><td rowspan="4">2292</td></tr><tr class="failedeven"><td><a href="#m1">feature</a></td></tr><tr class="failedeven"><td><a href="#m2">feature</a></td></tr><tr class="failedeven"><td><a href="#m3">feature</a></td></tr><tr><th colspan="4">CucumberTeckTask &#8212; passed</th></tr><tr class="passedeven"><td rowspan="1">com.api.myRunner.TestRunner</td><td><a href="#m4">feature</a></td><td rowspan="1">1652356034562</td><td rowspan="1">4043</td></tr></tbody>
</table>
<h2>CucumberTeckTask</h2><h3 id="m0">com.api.myRunner.TestRunner#feature</h3><table class="result"><tr class="param"><th>Parameter #1</th><th>Parameter #2</th></tr><tr class="param stripe"><td>&quot;As a user,I can retrive Nace Details by using order details&quot;</td><td>&quot;As a user, I can verify the proper respose from API&quot;</td></tr><tr><th colspan="2">Exception</th></tr><tr><td colspan="2"><div class="stacktrace">java.lang.AssertionError: 398482Is not matching with 398481 expected [398482] but found [398481]
	at stepDefinitions.GetNaceDetailsDefinition.verify_nace_details_are_as_per(GetNaceDetailsDefinition.java:60)
	at ✽.verify NaceDetails are as per &quot;398482&quot;(file:///C:/Users/prash/LUXOFTTESTNG/CucumberTechTask/src/main/java/Features/getNaceDetails.feature:8)
... Removed 5 stack frames</div></td></tr></table><p class="totop"><a href="#summary">back to summary</a></p>
<h3 id="m1">com.api.myRunner.TestRunner#feature</h3><table class="result"><tr class="param"><th>Parameter #1</th><th>Parameter #2</th></tr><tr class="param stripe"><td>&quot;As a user,I can retrive Nace Details by using order details&quot;</td><td>&quot;As a user, I can verify the proper respose from API&quot;</td></tr><tr><th colspan="2">Exception</th></tr><tr><td colspan="2"><div class="stacktrace">java.lang.AssertionError: 398483Is not matching with 398481 expected [398483] but found [398481]
	at stepDefinitions.GetNaceDetailsDefinition.verify_nace_details_are_as_per(GetNaceDetailsDefinition.java:60)
	at ✽.verify NaceDetails are as per &quot;398483&quot;(file:///C:/Users/prash/LUXOFTTESTNG/CucumberTechTask/src/main/java/Features/getNaceDetails.feature:8)
... Removed 5 stack frames</div></td></tr></table><p class="totop"><a href="#summary">back to summary</a></p>
<h3 id="m2">com.api.myRunner.TestRunner#feature</h3><table class="result"><tr class="param"><th>Parameter #1</th><th>Parameter #2</th></tr><tr class="param stripe"><td>&quot;As a user,I can retrive Nace Details by using order details&quot;</td><td>&quot;As a user, I can verify the proper respose from API&quot;</td></tr><tr><th colspan="2">Exception</th></tr><tr><td colspan="2"><div class="stacktrace">java.lang.AssertionError: 398485Is not matching with 398481 expected [398485] but found [398481]
	at stepDefinitions.GetNaceDetailsDefinition.verify_nace_details_are_as_per(GetNaceDetailsDefinition.java:60)
	at ✽.verify NaceDetails are as per &quot;398485&quot;(file:///C:/Users/prash/LUXOFTTESTNG/CucumberTechTask/src/main/java/Features/getNaceDetails.feature:8)
... Removed 5 stack frames</div></td></tr></table><p class="totop"><a href="#summary">back to summary</a></p>
<h3 id="m3">com.api.myRunner.TestRunner#feature</h3><table class="result"><tr class="param"><th>Parameter #1</th><th>Parameter #2</th></tr><tr class="param stripe"><td>&quot;As a user,I can retrive Nace Details by using order details&quot;</td><td>&quot;As a user, I can verify the proper respose from API&quot;</td></tr><tr><th colspan="2">Exception</th></tr><tr><td colspan="2"><div class="stacktrace">java.lang.AssertionError: 398484Is not matching with 398481 expected [398484] but found [398481]
	at stepDefinitions.GetNaceDetailsDefinition.verify_nace_details_are_as_per(GetNaceDetailsDefinition.java:60)
	at ✽.verify NaceDetails are as per &quot;398484&quot;(file:///C:/Users/prash/LUXOFTTESTNG/CucumberTechTask/src/main/java/Features/getNaceDetails.feature:8)
... Removed 5 stack frames</div></td></tr></table><p class="totop"><a href="#summary">back to summary</a></p>
<h3 id="m4">com.api.myRunner.TestRunner#feature</h3><table class="result"><tr class="param"><th>Parameter #1</th><th>Parameter #2</th></tr><tr class="param stripe"><td>&quot;As a user,I can retrive Nace Details by using order details&quot;</td><td>&quot;As a user, I can verify the proper respose from API&quot;</td></tr></table><p class="totop"><a href="#summary">back to summary</a></p>
</body>
</html>
