<?xml version="1.0" encoding="UTF-8"?>
<!-- Generated by org.testng.reporters.JUnitXMLReporter -->
<testsuite ignored="0" hostname="LAPTOP-BKCB67H0" failures="5" tests="5" name="CucumberTeckTask" time="10.892" errors="0" timestamp="12 May 2022 06:16:11 GMT">
  <testcase classname="com.api.myRunner.TestRunner" name="feature" time="3.948">
    <failure type="java.lang.AssertionError" message="398481Is not matching with io.restassured.path.xml.XmlPath@47c26664 expected [398481] but found [io.restassured.path.xml.XmlPath@7f74fefa]">
      <![CDATA[java.lang.AssertionError: 398481Is not matching with io.restassured.path.xml.XmlPath@47c26664 expected [398481] but found [io.restassured.path.xml.XmlPath@7f74fefa]
at stepDefinitions.GetNaceDetailsDefinition.verify_nace_details_are_as_per(GetNaceDetailsDefinition.java:59)
at ✽.verify NaceDetails are as per "398481"(file:///C:/Users/prash/LUXOFTTESTNG/CucumberTechTask/src/main/java/Features/getNaceDetails.feature:8)
... Removed 4 stack frames]]>
    </failure>
  </testcase> <!-- feature -->
  <testcase classname="com.api.myRunner.TestRunner" name="feature" time="1.525">
    <failure type="java.lang.AssertionError" message="398482Is not matching with io.restassured.path.xml.XmlPath@440e3972 expected [398482] but found [io.restassured.path.xml.XmlPath@ef77972]">
      <![CDATA[java.lang.AssertionError: 398482Is not matching with io.restassured.path.xml.XmlPath@440e3972 expected [398482] but found [io.restassured.path.xml.XmlPath@ef77972]
at stepDefinitions.GetNaceDetailsDefinition.verify_nace_details_are_as_per(GetNaceDetailsDefinition.java:59)
at ✽.verify NaceDetails are as per "398482"(file:///C:/Users/prash/LUXOFTTESTNG/CucumberTechTask/src/main/java/Features/getNaceDetails.feature:8)
... Removed 4 stack frames]]>
    </failure>
  </testcase> <!-- feature -->
  <testcase classname="com.api.myRunner.TestRunner" name="feature" time="1.434">
    <failure type="java.lang.AssertionError" message="398483Is not matching with io.restassured.path.xml.XmlPath@489fa87e expected [398483] but found [io.restassured.path.xml.XmlPath@19048fda]">
      <![CDATA[java.lang.AssertionError: 398483Is not matching with io.restassured.path.xml.XmlPath@489fa87e expected [398483] but found [io.restassured.path.xml.XmlPath@19048fda]
at stepDefinitions.GetNaceDetailsDefinition.verify_nace_details_are_as_per(GetNaceDetailsDefinition.java:59)
at ✽.verify NaceDetails are as per "398483"(file:///C:/Users/prash/LUXOFTTESTNG/CucumberTechTask/src/main/java/Features/getNaceDetails.feature:8)
... Removed 4 stack frames]]>
    </failure>
  </testcase> <!-- feature -->
  <testcase classname="com.api.myRunner.TestRunner" name="feature" time="1.52">
    <failure type="java.lang.AssertionError" message="398484Is not matching with io.restassured.path.xml.XmlPath@72f628d6 expected [398484] but found [io.restassured.path.xml.XmlPath@1e8d4d07]">
      <![CDATA[java.lang.AssertionError: 398484Is not matching with io.restassured.path.xml.XmlPath@72f628d6 expected [398484] but found [io.restassured.path.xml.XmlPath@1e8d4d07]
at stepDefinitions.GetNaceDetailsDefinition.verify_nace_details_are_as_per(GetNaceDetailsDefinition.java:59)
at ✽.verify NaceDetails are as per "398484"(file:///C:/Users/prash/LUXOFTTESTNG/CucumberTechTask/src/main/java/Features/getNaceDetails.feature:8)
... Removed 4 stack frames]]>
    </failure>
  </testcase> <!-- feature -->
  <testcase classname="com.api.myRunner.TestRunner" name="feature" time="1.403">
    <failure type="java.lang.AssertionError" message="398485Is not matching with io.restassured.path.xml.XmlPath@697913e6 expected [398485] but found [io.restassured.path.xml.XmlPath@58a60d56]">
      <![CDATA[java.lang.AssertionError: 398485Is not matching with io.restassured.path.xml.XmlPath@697913e6 expected [398485] but found [io.restassured.path.xml.XmlPath@58a60d56]
at stepDefinitions.GetNaceDetailsDefinition.verify_nace_details_are_as_per(GetNaceDetailsDefinition.java:59)
at ✽.verify NaceDetails are as per "398485"(file:///C:/Users/prash/LUXOFTTESTNG/CucumberTechTask/src/main/java/Features/getNaceDetails.feature:8)
... Removed 4 stack frames]]>
    </failure>
  </testcase> <!-- feature -->
</testsuite> <!-- CucumberTeckTask -->
